2024-11-08 06:07:36 error: [Cake\View\Exception\MissingTemplateException] Template file `Customer\json\index.php` could not be found.

The following paths were searched:

- `C:\xampp7.4.15\htdocs\test_cake_dico\templates\Customer\json\index.php`
- `C:\xampp7.4.15\htdocs\test_cake_dico\vendor\cakephp\cakephp\templates\Customer\json\index.php`
 in C:\xampp7.4.15\htdocs\test_cake_dico\vendor\cakephp\cakephp\src\View\View.php on line 1419
Exception Attributes: array (
  'file' => 'Customer\\json\\index.php',
  'paths' => 
  array (
    0 => 'C:\\xampp7.4.15\\htdocs\\test_cake_dico\\templates\\',
    1 => 'C:\\xampp7.4.15\\htdocs\\test_cake_dico\\vendor\\cakephp\\cakephp\\templates\\',
  ),
)
Stack Trace:
- C:\xampp7.4.15\htdocs\test_cake_dico\vendor\cakephp\cakephp\src\View\View.php:807
- C:\xampp7.4.15\htdocs\test_cake_dico\vendor\cakephp\cakephp\src\View\SerializedView.php:124
- C:\xampp7.4.15\htdocs\test_cake_dico\vendor\cakephp\cakephp\src\View\JsonView.php:118
- C:\xampp7.4.15\htdocs\test_cake_dico\vendor\cakephp\cakephp\src\Controller\Controller.php:790
- C:\xampp7.4.15\htdocs\test_cake_dico\vendor\cakephp\cakephp\src\Controller\Controller.php:569
- C:\xampp7.4.15\htdocs\test_cake_dico\vendor\cakephp\cakephp\src\Controller\ControllerFactory.php:140
- C:\xampp7.4.15\htdocs\test_cake_dico\vendor\cakephp\cakephp\src\Controller\ControllerFactory.php:115
- C:\xampp7.4.15\htdocs\test_cake_dico\vendor\cakephp\cakephp\src\Http\BaseApplication.php:325
- C:\xampp7.4.15\htdocs\test_cake_dico\vendor\cakephp\cakephp\src\Http\Runner.php:86
- C:\xampp7.4.15\htdocs\test_cake_dico\vendor\cakephp\cakephp\src\Http\Middleware\CsrfProtectionMiddleware.php:176
- C:\xampp7.4.15\htdocs\test_cake_dico\vendor\cakephp\cakephp\src\Http\Runner.php:82
- C:\xampp7.4.15\htdocs\test_cake_dico\vendor\cakephp\cakephp\src\Http\Middleware\BodyParserMiddleware.php:157
- C:\xampp7.4.15\htdocs\test_cake_dico\vendor\cakephp\cakephp\src\Http\Runner.php:82
- C:\xampp7.4.15\htdocs\test_cake_dico\vendor\cakephp\cakephp\src\Routing\Middleware\RoutingMiddleware.php:189
- C:\xampp7.4.15\htdocs\test_cake_dico\vendor\cakephp\cakephp\src\Http\Runner.php:82
- C:\xampp7.4.15\htdocs\test_cake_dico\vendor\cakephp\cakephp\src\Routing\Middleware\AssetMiddleware.php:68
- C:\xampp7.4.15\htdocs\test_cake_dico\vendor\cakephp\cakephp\src\Http\Runner.php:82
- C:\xampp7.4.15\htdocs\test_cake_dico\vendor\cakephp\cakephp\src\Error\Middleware\ErrorHandlerMiddleware.php:149
- C:\xampp7.4.15\htdocs\test_cake_dico\vendor\cakephp\cakephp\src\Http\Runner.php:82
- C:\xampp7.4.15\htdocs\test_cake_dico\vendor\cakephp\debug_kit\src\Middleware\DebugKitMiddleware.php:60
- C:\xampp7.4.15\htdocs\test_cake_dico\vendor\cakephp\cakephp\src\Http\Runner.php:82
- C:\xampp7.4.15\htdocs\test_cake_dico\vendor\cakephp\cakephp\src\Http\Runner.php:67
- C:\xampp7.4.15\htdocs\test_cake_dico\vendor\cakephp\cakephp\src\Http\Server.php:99
- C:\xampp7.4.15\htdocs\test_cake_dico\webroot\index.php:40
- [main]:

Request URL: /customer?draw=1&columns%5B0%5D%5Bdata%5D=0&columns%5B0%5D%5Bname%5D=&columns%5B0%5D%5Bsearchable%5D=true&columns%5B0%5D%5Borderable%5D=true&columns%5B0%5D%5Bsearch%5D%5Bvalue%5D=&columns%5B0%5D%5Bsearch%5D%5Bregex%5D=false&columns%5B1%5D%5Bdata%5D=1&columns%5B1%5D%5Bname%5D=&columns%5B1%5D%5Bsearchable%5D=true&columns%5B1%5D%5Borderable%5D=true&columns%5B1%5D%5Bsearch%5D%5Bvalue%5D=&columns%5B1%5D%5Bsearch%5D%5Bregex%5D=false&columns%5B2%5D%5Bdata%5D=2&columns%5B2%5D%5Bname%5D=&columns%5B2%5D%5Bsearchable%5D=true&columns%5B2%5D%5Borderable%5D=true&columns%5B2%5D%5Bsearch%5D%5Bvalue%5D=&columns%5B2%5D%5Bsearch%5D%5Bregex%5D=false&columns%5B3%5D%5Bdata%5D=3&columns%5B3%5D%5Bname%5D=&columns%5B3%5D%5Bsearchable%5D=true&columns%5B3%5D%5Borderable%5D=true&columns%5B3%5D%5Bsearch%5D%5Bvalue%5D=&columns%5B3%5D%5Bsearch%5D%5Bregex%5D=false&columns%5B4%5D%5Bdata%5D=4&columns%5B4%5D%5Bname%5D=&columns%5B4%5D%5Bsearchable%5D=true&columns%5B4%5D%5Borderable%5D=true&columns%5B4%5D%5Bsearch%5D%5Bvalue%5D=&columns%5B4%5D%5Bsearch%5D%5Bregex%5D=false&start=0&length=10&search%5Bvalue%5D=&search%5Bregex%5D=false&_=1731046056499
Referer URL: http://localhost:8765/customer
2024-11-08 06:09:37 warning: Exception|Code: 0|Line: 244|Msg: Table class for alias `Customer` could not be found.
2024-11-08 06:10:40 warning: Exception|Code: 0|Line: 244|Msg: Table class for alias `Customer` could not be found.
2024-11-08 06:11:00 warning: Exception|Code: 0|Line: 244|Msg: Table class for alias `Customer` could not be found.
2024-11-08 06:12:26 warning: Exception|Code: 0|Line: 244|Msg: Table class for alias `Customer` could not be found.
2024-11-08 06:17:35 error: [Error] Call to a member function newEmptyEntity() on null in C:\xampp7.4.15\htdocs\test_cake_dico\src\Controller\CustomerController.php on line 116
Stack Trace:
- C:\xampp7.4.15\htdocs\test_cake_dico\vendor\cakephp\cakephp\src\Controller\Controller.php:560
- C:\xampp7.4.15\htdocs\test_cake_dico\vendor\cakephp\cakephp\src\Controller\ControllerFactory.php:140
- C:\xampp7.4.15\htdocs\test_cake_dico\vendor\cakephp\cakephp\src\Controller\ControllerFactory.php:115
- C:\xampp7.4.15\htdocs\test_cake_dico\vendor\cakephp\cakephp\src\Http\BaseApplication.php:325
- C:\xampp7.4.15\htdocs\test_cake_dico\vendor\cakephp\cakephp\src\Http\Runner.php:86
- C:\xampp7.4.15\htdocs\test_cake_dico\vendor\cakephp\cakephp\src\Http\Middleware\CsrfProtectionMiddleware.php:176
- C:\xampp7.4.15\htdocs\test_cake_dico\vendor\cakephp\cakephp\src\Http\Runner.php:82
- C:\xampp7.4.15\htdocs\test_cake_dico\vendor\cakephp\cakephp\src\Http\Middleware\BodyParserMiddleware.php:157
- C:\xampp7.4.15\htdocs\test_cake_dico\vendor\cakephp\cakephp\src\Http\Runner.php:82
- C:\xampp7.4.15\htdocs\test_cake_dico\vendor\cakephp\cakephp\src\Routing\Middleware\RoutingMiddleware.php:189
- C:\xampp7.4.15\htdocs\test_cake_dico\vendor\cakephp\cakephp\src\Http\Runner.php:82
- C:\xampp7.4.15\htdocs\test_cake_dico\vendor\cakephp\cakephp\src\Routing\Middleware\AssetMiddleware.php:68
- C:\xampp7.4.15\htdocs\test_cake_dico\vendor\cakephp\cakephp\src\Http\Runner.php:82
- C:\xampp7.4.15\htdocs\test_cake_dico\vendor\cakephp\cakephp\src\Error\Middleware\ErrorHandlerMiddleware.php:149
- C:\xampp7.4.15\htdocs\test_cake_dico\vendor\cakephp\cakephp\src\Http\Runner.php:82
- C:\xampp7.4.15\htdocs\test_cake_dico\vendor\cakephp\debug_kit\src\Middleware\DebugKitMiddleware.php:60
- C:\xampp7.4.15\htdocs\test_cake_dico\vendor\cakephp\cakephp\src\Http\Runner.php:82
- C:\xampp7.4.15\htdocs\test_cake_dico\vendor\cakephp\cakephp\src\Http\Runner.php:67
- C:\xampp7.4.15\htdocs\test_cake_dico\vendor\cakephp\cakephp\src\Http\Server.php:99
- C:\xampp7.4.15\htdocs\test_cake_dico\webroot\index.php:40
- [main]:

Request URL: /customer/create
2024-11-08 06:17:35 warning: Unable to emit headers. Headers sent in file=C:\xampp7.4.15\htdocs\test_cake_dico\vendor\cakephp\cakephp\src\Error\Renderer\HtmlErrorRenderer.php line=37
Request URL: /customer/create
Trace:
C:\xampp7.4.15\htdocs\test_cake_dico\vendor\cakephp\cakephp\src\Http\ResponseEmitter.php C:\xampp7.4.15\htdocs\test_cake_dico\vendor\cakephp\cakephp\src\Http\ResponseEmitter.php, line 71
Cake\Http\ResponseEmitter->emit() C:\xampp7.4.15\htdocs\test_cake_dico\vendor\cakephp\cakephp\src\Http\Server.php, line 137
Cake\Http\Server->emit() C:\xampp7.4.15\htdocs\test_cake_dico\webroot\index.php, line 40
[main]

2024-11-08 06:17:35 warning: Cannot modify header information - headers already sent by (output started at C:\xampp7.4.15\htdocs\test_cake_dico\vendor\cakephp\cakephp\src\Error\Renderer\HtmlErrorRenderer.php:37)
Request URL: /customer/create
Trace:
C:\xampp7.4.15\htdocs\test_cake_dico\vendor\cakephp\cakephp\src\Http\ResponseEmitter.php C:\xampp7.4.15\htdocs\test_cake_dico\vendor\cakephp\cakephp\src\Http\ResponseEmitter.php, line 168
Cake\Http\ResponseEmitter->emitStatusLine() C:\xampp7.4.15\htdocs\test_cake_dico\vendor\cakephp\cakephp\src\Http\ResponseEmitter.php, line 74
Cake\Http\ResponseEmitter->emit() C:\xampp7.4.15\htdocs\test_cake_dico\vendor\cakephp\cakephp\src\Http\Server.php, line 137
Cake\Http\Server->emit() C:\xampp7.4.15\htdocs\test_cake_dico\webroot\index.php, line 40
[main]

2024-11-08 06:17:35 warning: Cannot modify header information - headers already sent by (output started at C:\xampp7.4.15\htdocs\test_cake_dico\vendor\cakephp\cakephp\src\Error\Renderer\HtmlErrorRenderer.php:37)
Request URL: /customer/create
Trace:
C:\xampp7.4.15\htdocs\test_cake_dico\vendor\cakephp\cakephp\src\Http\ResponseEmitter.php C:\xampp7.4.15\htdocs\test_cake_dico\vendor\cakephp\cakephp\src\Http\ResponseEmitter.php, line 197
Cake\Http\ResponseEmitter->emitHeaders() C:\xampp7.4.15\htdocs\test_cake_dico\vendor\cakephp\cakephp\src\Http\ResponseEmitter.php, line 75
Cake\Http\ResponseEmitter->emit() C:\xampp7.4.15\htdocs\test_cake_dico\vendor\cakephp\cakephp\src\Http\Server.php, line 137
Cake\Http\Server->emit() C:\xampp7.4.15\htdocs\test_cake_dico\webroot\index.php, line 40
[main]

2024-11-08 06:17:35 warning: Cannot modify header information - headers already sent by (output started at C:\xampp7.4.15\htdocs\test_cake_dico\vendor\cakephp\cakephp\src\Error\Renderer\HtmlErrorRenderer.php:37)
Request URL: /customer/create
Trace:
C:\xampp7.4.15\htdocs\test_cake_dico\vendor\cakephp\cakephp\src\Http\ResponseEmitter.php C:\xampp7.4.15\htdocs\test_cake_dico\vendor\cakephp\cakephp\src\Http\ResponseEmitter.php, line 197
Cake\Http\ResponseEmitter->emitHeaders() C:\xampp7.4.15\htdocs\test_cake_dico\vendor\cakephp\cakephp\src\Http\ResponseEmitter.php, line 75
Cake\Http\ResponseEmitter->emit() C:\xampp7.4.15\htdocs\test_cake_dico\vendor\cakephp\cakephp\src\Http\Server.php, line 137
Cake\Http\Server->emit() C:\xampp7.4.15\htdocs\test_cake_dico\webroot\index.php, line 40
[main]

2024-11-08 06:18:49 error: [Error] Call to a member function newEmptyEntity() on null in C:\xampp7.4.15\htdocs\test_cake_dico\src\Controller\CustomerController.php on line 116
Stack Trace:
- C:\xampp7.4.15\htdocs\test_cake_dico\vendor\cakephp\cakephp\src\Controller\Controller.php:560
- C:\xampp7.4.15\htdocs\test_cake_dico\vendor\cakephp\cakephp\src\Controller\ControllerFactory.php:140
- C:\xampp7.4.15\htdocs\test_cake_dico\vendor\cakephp\cakephp\src\Controller\ControllerFactory.php:115
- C:\xampp7.4.15\htdocs\test_cake_dico\vendor\cakephp\cakephp\src\Http\BaseApplication.php:325
- C:\xampp7.4.15\htdocs\test_cake_dico\vendor\cakephp\cakephp\src\Http\Runner.php:86
- C:\xampp7.4.15\htdocs\test_cake_dico\vendor\cakephp\cakephp\src\Http\Middleware\CsrfProtectionMiddleware.php:176
- C:\xampp7.4.15\htdocs\test_cake_dico\vendor\cakephp\cakephp\src\Http\Runner.php:82
- C:\xampp7.4.15\htdocs\test_cake_dico\vendor\cakephp\cakephp\src\Http\Middleware\BodyParserMiddleware.php:157
- C:\xampp7.4.15\htdocs\test_cake_dico\vendor\cakephp\cakephp\src\Http\Runner.php:82
- C:\xampp7.4.15\htdocs\test_cake_dico\vendor\cakephp\cakephp\src\Routing\Middleware\RoutingMiddleware.php:189
- C:\xampp7.4.15\htdocs\test_cake_dico\vendor\cakephp\cakephp\src\Http\Runner.php:82
- C:\xampp7.4.15\htdocs\test_cake_dico\vendor\cakephp\cakephp\src\Routing\Middleware\AssetMiddleware.php:68
- C:\xampp7.4.15\htdocs\test_cake_dico\vendor\cakephp\cakephp\src\Http\Runner.php:82
- C:\xampp7.4.15\htdocs\test_cake_dico\vendor\cakephp\cakephp\src\Error\Middleware\ErrorHandlerMiddleware.php:149
- C:\xampp7.4.15\htdocs\test_cake_dico\vendor\cakephp\cakephp\src\Http\Runner.php:82
- C:\xampp7.4.15\htdocs\test_cake_dico\vendor\cakephp\debug_kit\src\Middleware\DebugKitMiddleware.php:60
- C:\xampp7.4.15\htdocs\test_cake_dico\vendor\cakephp\cakephp\src\Http\Runner.php:82
- C:\xampp7.4.15\htdocs\test_cake_dico\vendor\cakephp\cakephp\src\Http\Runner.php:67
- C:\xampp7.4.15\htdocs\test_cake_dico\vendor\cakephp\cakephp\src\Http\Server.php:99
- C:\xampp7.4.15\htdocs\test_cake_dico\webroot\index.php:40
- [main]:

Request URL: /customer/create
2024-11-08 06:18:49 warning: Unable to emit headers. Headers sent in file=C:\xampp7.4.15\htdocs\test_cake_dico\vendor\cakephp\cakephp\src\Error\Renderer\HtmlErrorRenderer.php line=37
Request URL: /customer/create
Trace:
C:\xampp7.4.15\htdocs\test_cake_dico\vendor\cakephp\cakephp\src\Http\ResponseEmitter.php C:\xampp7.4.15\htdocs\test_cake_dico\vendor\cakephp\cakephp\src\Http\ResponseEmitter.php, line 71
Cake\Http\ResponseEmitter->emit() C:\xampp7.4.15\htdocs\test_cake_dico\vendor\cakephp\cakephp\src\Http\Server.php, line 137
Cake\Http\Server->emit() C:\xampp7.4.15\htdocs\test_cake_dico\webroot\index.php, line 40
[main]

2024-11-08 06:18:49 warning: Cannot modify header information - headers already sent by (output started at C:\xampp7.4.15\htdocs\test_cake_dico\vendor\cakephp\cakephp\src\Error\Renderer\HtmlErrorRenderer.php:37)
Request URL: /customer/create
Trace:
C:\xampp7.4.15\htdocs\test_cake_dico\vendor\cakephp\cakephp\src\Http\ResponseEmitter.php C:\xampp7.4.15\htdocs\test_cake_dico\vendor\cakephp\cakephp\src\Http\ResponseEmitter.php, line 168
Cake\Http\ResponseEmitter->emitStatusLine() C:\xampp7.4.15\htdocs\test_cake_dico\vendor\cakephp\cakephp\src\Http\ResponseEmitter.php, line 74
Cake\Http\ResponseEmitter->emit() C:\xampp7.4.15\htdocs\test_cake_dico\vendor\cakephp\cakephp\src\Http\Server.php, line 137
Cake\Http\Server->emit() C:\xampp7.4.15\htdocs\test_cake_dico\webroot\index.php, line 40
[main]

2024-11-08 06:18:49 warning: Cannot modify header information - headers already sent by (output started at C:\xampp7.4.15\htdocs\test_cake_dico\vendor\cakephp\cakephp\src\Error\Renderer\HtmlErrorRenderer.php:37)
Request URL: /customer/create
Trace:
C:\xampp7.4.15\htdocs\test_cake_dico\vendor\cakephp\cakephp\src\Http\ResponseEmitter.php C:\xampp7.4.15\htdocs\test_cake_dico\vendor\cakephp\cakephp\src\Http\ResponseEmitter.php, line 197
Cake\Http\ResponseEmitter->emitHeaders() C:\xampp7.4.15\htdocs\test_cake_dico\vendor\cakephp\cakephp\src\Http\ResponseEmitter.php, line 75
Cake\Http\ResponseEmitter->emit() C:\xampp7.4.15\htdocs\test_cake_dico\vendor\cakephp\cakephp\src\Http\Server.php, line 137
Cake\Http\Server->emit() C:\xampp7.4.15\htdocs\test_cake_dico\webroot\index.php, line 40
[main]

2024-11-08 06:18:49 warning: Cannot modify header information - headers already sent by (output started at C:\xampp7.4.15\htdocs\test_cake_dico\vendor\cakephp\cakephp\src\Error\Renderer\HtmlErrorRenderer.php:37)
Request URL: /customer/create
Trace:
C:\xampp7.4.15\htdocs\test_cake_dico\vendor\cakephp\cakephp\src\Http\ResponseEmitter.php C:\xampp7.4.15\htdocs\test_cake_dico\vendor\cakephp\cakephp\src\Http\ResponseEmitter.php, line 197
Cake\Http\ResponseEmitter->emitHeaders() C:\xampp7.4.15\htdocs\test_cake_dico\vendor\cakephp\cakephp\src\Http\ResponseEmitter.php, line 75
Cake\Http\ResponseEmitter->emit() C:\xampp7.4.15\htdocs\test_cake_dico\vendor\cakephp\cakephp\src\Http\Server.php, line 137
Cake\Http\Server->emit() C:\xampp7.4.15\htdocs\test_cake_dico\webroot\index.php, line 40
[main]

2024-11-08 06:18:57 error: [Error] Call to a member function newEmptyEntity() on null in C:\xampp7.4.15\htdocs\test_cake_dico\src\Controller\CustomerController.php on line 116
Stack Trace:
- C:\xampp7.4.15\htdocs\test_cake_dico\vendor\cakephp\cakephp\src\Controller\Controller.php:560
- C:\xampp7.4.15\htdocs\test_cake_dico\vendor\cakephp\cakephp\src\Controller\ControllerFactory.php:140
- C:\xampp7.4.15\htdocs\test_cake_dico\vendor\cakephp\cakephp\src\Controller\ControllerFactory.php:115
- C:\xampp7.4.15\htdocs\test_cake_dico\vendor\cakephp\cakephp\src\Http\BaseApplication.php:325
- C:\xampp7.4.15\htdocs\test_cake_dico\vendor\cakephp\cakephp\src\Http\Runner.php:86
- C:\xampp7.4.15\htdocs\test_cake_dico\vendor\cakephp\cakephp\src\Http\Middleware\CsrfProtectionMiddleware.php:176
- C:\xampp7.4.15\htdocs\test_cake_dico\vendor\cakephp\cakephp\src\Http\Runner.php:82
- C:\xampp7.4.15\htdocs\test_cake_dico\vendor\cakephp\cakephp\src\Http\Middleware\BodyParserMiddleware.php:157
- C:\xampp7.4.15\htdocs\test_cake_dico\vendor\cakephp\cakephp\src\Http\Runner.php:82
- C:\xampp7.4.15\htdocs\test_cake_dico\vendor\cakephp\cakephp\src\Routing\Middleware\RoutingMiddleware.php:189
- C:\xampp7.4.15\htdocs\test_cake_dico\vendor\cakephp\cakephp\src\Http\Runner.php:82
- C:\xampp7.4.15\htdocs\test_cake_dico\vendor\cakephp\cakephp\src\Routing\Middleware\AssetMiddleware.php:68
- C:\xampp7.4.15\htdocs\test_cake_dico\vendor\cakephp\cakephp\src\Http\Runner.php:82
- C:\xampp7.4.15\htdocs\test_cake_dico\vendor\cakephp\cakephp\src\Error\Middleware\ErrorHandlerMiddleware.php:149
- C:\xampp7.4.15\htdocs\test_cake_dico\vendor\cakephp\cakephp\src\Http\Runner.php:82
- C:\xampp7.4.15\htdocs\test_cake_dico\vendor\cakephp\debug_kit\src\Middleware\DebugKitMiddleware.php:60
- C:\xampp7.4.15\htdocs\test_cake_dico\vendor\cakephp\cakephp\src\Http\Runner.php:82
- C:\xampp7.4.15\htdocs\test_cake_dico\vendor\cakephp\cakephp\src\Http\Runner.php:67
- C:\xampp7.4.15\htdocs\test_cake_dico\vendor\cakephp\cakephp\src\Http\Server.php:99
- C:\xampp7.4.15\htdocs\test_cake_dico\webroot\index.php:40
- [main]:

Request URL: /customer/create
2024-11-08 06:18:57 warning: Unable to emit headers. Headers sent in file=C:\xampp7.4.15\htdocs\test_cake_dico\vendor\cakephp\cakephp\src\Error\Renderer\HtmlErrorRenderer.php line=37
Request URL: /customer/create
Trace:
C:\xampp7.4.15\htdocs\test_cake_dico\vendor\cakephp\cakephp\src\Http\ResponseEmitter.php C:\xampp7.4.15\htdocs\test_cake_dico\vendor\cakephp\cakephp\src\Http\ResponseEmitter.php, line 71
Cake\Http\ResponseEmitter->emit() C:\xampp7.4.15\htdocs\test_cake_dico\vendor\cakephp\cakephp\src\Http\Server.php, line 137
Cake\Http\Server->emit() C:\xampp7.4.15\htdocs\test_cake_dico\webroot\index.php, line 40
[main]

2024-11-08 06:18:57 warning: Cannot modify header information - headers already sent by (output started at C:\xampp7.4.15\htdocs\test_cake_dico\vendor\cakephp\cakephp\src\Error\Renderer\HtmlErrorRenderer.php:37)
Request URL: /customer/create
Trace:
C:\xampp7.4.15\htdocs\test_cake_dico\vendor\cakephp\cakephp\src\Http\ResponseEmitter.php C:\xampp7.4.15\htdocs\test_cake_dico\vendor\cakephp\cakephp\src\Http\ResponseEmitter.php, line 168
Cake\Http\ResponseEmitter->emitStatusLine() C:\xampp7.4.15\htdocs\test_cake_dico\vendor\cakephp\cakephp\src\Http\ResponseEmitter.php, line 74
Cake\Http\ResponseEmitter->emit() C:\xampp7.4.15\htdocs\test_cake_dico\vendor\cakephp\cakephp\src\Http\Server.php, line 137
Cake\Http\Server->emit() C:\xampp7.4.15\htdocs\test_cake_dico\webroot\index.php, line 40
[main]

2024-11-08 06:18:57 warning: Cannot modify header information - headers already sent by (output started at C:\xampp7.4.15\htdocs\test_cake_dico\vendor\cakephp\cakephp\src\Error\Renderer\HtmlErrorRenderer.php:37)
Request URL: /customer/create
Trace:
C:\xampp7.4.15\htdocs\test_cake_dico\vendor\cakephp\cakephp\src\Http\ResponseEmitter.php C:\xampp7.4.15\htdocs\test_cake_dico\vendor\cakephp\cakephp\src\Http\ResponseEmitter.php, line 197
Cake\Http\ResponseEmitter->emitHeaders() C:\xampp7.4.15\htdocs\test_cake_dico\vendor\cakephp\cakephp\src\Http\ResponseEmitter.php, line 75
Cake\Http\ResponseEmitter->emit() C:\xampp7.4.15\htdocs\test_cake_dico\vendor\cakephp\cakephp\src\Http\Server.php, line 137
Cake\Http\Server->emit() C:\xampp7.4.15\htdocs\test_cake_dico\webroot\index.php, line 40
[main]

2024-11-08 06:18:57 warning: Cannot modify header information - headers already sent by (output started at C:\xampp7.4.15\htdocs\test_cake_dico\vendor\cakephp\cakephp\src\Error\Renderer\HtmlErrorRenderer.php:37)
Request URL: /customer/create
Trace:
C:\xampp7.4.15\htdocs\test_cake_dico\vendor\cakephp\cakephp\src\Http\ResponseEmitter.php C:\xampp7.4.15\htdocs\test_cake_dico\vendor\cakephp\cakephp\src\Http\ResponseEmitter.php, line 197
Cake\Http\ResponseEmitter->emitHeaders() C:\xampp7.4.15\htdocs\test_cake_dico\vendor\cakephp\cakephp\src\Http\ResponseEmitter.php, line 75
Cake\Http\ResponseEmitter->emit() C:\xampp7.4.15\htdocs\test_cake_dico\vendor\cakephp\cakephp\src\Http\Server.php, line 137
Cake\Http\Server->emit() C:\xampp7.4.15\htdocs\test_cake_dico\webroot\index.php, line 40
[main]

2024-11-08 06:24:02 error: [Cake\Http\Exception\InvalidCsrfTokenException] Missing or invalid CSRF cookie. in C:\xampp7.4.15\htdocs\test_cake_dico\vendor\cakephp\cakephp\src\Http\Middleware\CsrfProtectionMiddleware.php on line 396
Stack Trace:
- C:\xampp7.4.15\htdocs\test_cake_dico\vendor\cakephp\cakephp\src\Http\Middleware\CsrfProtectionMiddleware.php:172
- C:\xampp7.4.15\htdocs\test_cake_dico\vendor\cakephp\cakephp\src\Http\Runner.php:82
- C:\xampp7.4.15\htdocs\test_cake_dico\vendor\cakephp\cakephp\src\Http\Middleware\BodyParserMiddleware.php:162
- C:\xampp7.4.15\htdocs\test_cake_dico\vendor\cakephp\cakephp\src\Http\Runner.php:82
- C:\xampp7.4.15\htdocs\test_cake_dico\vendor\cakephp\cakephp\src\Routing\Middleware\RoutingMiddleware.php:189
- C:\xampp7.4.15\htdocs\test_cake_dico\vendor\cakephp\cakephp\src\Http\Runner.php:82
- C:\xampp7.4.15\htdocs\test_cake_dico\vendor\cakephp\cakephp\src\Routing\Middleware\AssetMiddleware.php:68
- C:\xampp7.4.15\htdocs\test_cake_dico\vendor\cakephp\cakephp\src\Http\Runner.php:82
- C:\xampp7.4.15\htdocs\test_cake_dico\vendor\cakephp\cakephp\src\Error\Middleware\ErrorHandlerMiddleware.php:149
- C:\xampp7.4.15\htdocs\test_cake_dico\vendor\cakephp\cakephp\src\Http\Runner.php:82
- C:\xampp7.4.15\htdocs\test_cake_dico\vendor\cakephp\debug_kit\src\Middleware\DebugKitMiddleware.php:60
- C:\xampp7.4.15\htdocs\test_cake_dico\vendor\cakephp\cakephp\src\Http\Runner.php:82
- C:\xampp7.4.15\htdocs\test_cake_dico\vendor\cakephp\cakephp\src\Http\Runner.php:67
- C:\xampp7.4.15\htdocs\test_cake_dico\vendor\cakephp\cakephp\src\Http\Server.php:99
- C:\xampp7.4.15\htdocs\test_cake_dico\webroot\index.php:40
- [main]:

Request URL: /customer/create
Referer URL: http://localhost:8765/customer/create
